{"S:\\PROGRAMMING\\Sem 7\\DPS955\\cloud-for-programmers\\fragments\\src\\app.js": {"path":"S:\\PROGRAMMING\\Sem 7\\DPS955\\cloud-for-programmers\\fragments\\src\\app.js","statementMap":{"0":{"start":{"line":3,"column":16},"end":{"line":3,"column":34}},"1":{"start":{"line":4,"column":13},"end":{"line":4,"column":28}},"2":{"start":{"line":5,"column":15},"end":{"line":5,"column":32}},"3":{"start":{"line":6,"column":20},"end":{"line":6,"column":42}},"4":{"start":{"line":7,"column":17},"end":{"line":7,"column":36}},"5":{"start":{"line":8,"column":21},"end":{"line":8,"column":38}},"6":{"start":{"line":12,"column":0},"end":{"line":12,"column":27}},"7":{"start":{"line":14,"column":15},"end":{"line":14,"column":34}},"8":{"start":{"line":15,"column":13},"end":{"line":18,"column":2}},"9":{"start":{"line":21,"column":12},"end":{"line":21,"column":21}},"10":{"start":{"line":22,"column":0},"end":{"line":22,"column":23}},"11":{"start":{"line":24,"column":0},"end":{"line":24,"column":38}},"12":{"start":{"line":25,"column":0},"end":{"line":25,"column":31}},"13":{"start":{"line":28,"column":0},"end":{"line":28,"column":14}},"14":{"start":{"line":31,"column":0},"end":{"line":31,"column":18}},"15":{"start":{"line":34,"column":0},"end":{"line":34,"column":16}},"16":{"start":{"line":37,"column":0},"end":{"line":37,"column":23}},"17":{"start":{"line":55,"column":0},"end":{"line":55,"column":34}},"18":{"start":{"line":58,"column":0},"end":{"line":66,"column":3}},"19":{"start":{"line":59,"column":2},"end":{"line":65,"column":5}},"20":{"start":{"line":70,"column":0},"end":{"line":88,"column":3}},"21":{"start":{"line":73,"column":17},"end":{"line":73,"column":34}},"22":{"start":{"line":74,"column":18},"end":{"line":74,"column":60}},"23":{"start":{"line":77,"column":2},"end":{"line":79,"column":3}},"24":{"start":{"line":78,"column":4},"end":{"line":78,"column":54}},"25":{"start":{"line":81,"column":2},"end":{"line":87,"column":5}},"26":{"start":{"line":91,"column":0},"end":{"line":91,"column":21}}},"fnMap":{"0":{"name":"(anonymous_0)","decl":{"start":{"line":58,"column":8},"end":{"line":58,"column":9}},"loc":{"start":{"line":58,"column":22},"end":{"line":66,"column":1}},"line":58},"1":{"name":"(anonymous_1)","decl":{"start":{"line":70,"column":8},"end":{"line":70,"column":9}},"loc":{"start":{"line":70,"column":33},"end":{"line":88,"column":1}},"line":70}},"branchMap":{"0":{"loc":{"start":{"line":73,"column":17},"end":{"line":73,"column":34}},"type":"binary-expr","locations":[{"start":{"line":73,"column":17},"end":{"line":73,"column":27}},{"start":{"line":73,"column":31},"end":{"line":73,"column":34}}],"line":73},"1":{"loc":{"start":{"line":74,"column":18},"end":{"line":74,"column":60}},"type":"binary-expr","locations":[{"start":{"line":74,"column":18},"end":{"line":74,"column":29}},{"start":{"line":74,"column":33},"end":{"line":74,"column":60}}],"line":74},"2":{"loc":{"start":{"line":77,"column":2},"end":{"line":79,"column":3}},"type":"if","locations":[{"start":{"line":77,"column":2},"end":{"line":79,"column":3}},{"start":{},"end":{}}],"line":77}},"s":{"0":3,"1":3,"2":3,"3":3,"4":3,"5":3,"6":3,"7":3,"8":3,"9":3,"10":3,"11":3,"12":3,"13":3,"14":3,"15":3,"16":3,"17":3,"18":3,"19":1,"20":3,"21":0,"22":0,"23":0,"24":0,"25":0,"26":3},"f":{"0":1,"1":0},"b":{"0":[0,0],"1":[0,0],"2":[0,0]},"_coverageSchema":"1a1c01bbd47fc00a2c39e90264f33305004495a9","hash":"48308e74579fe4e623d70bbfff7f4f0229ea633d"}
,"S:\\PROGRAMMING\\Sem 7\\DPS955\\cloud-for-programmers\\fragments\\src\\logger.js": {"path":"S:\\PROGRAMMING\\Sem 7\\DPS955\\cloud-for-programmers\\fragments\\src\\logger.js","statementMap":{"0":{"start":{"line":4,"column":16},"end":{"line":4,"column":58}},"1":{"start":{"line":7,"column":0},"end":{"line":15,"column":1}},"2":{"start":{"line":9,"column":2},"end":{"line":14,"column":4}},"3":{"start":{"line":19,"column":0},"end":{"line":19,"column":42}}},"fnMap":{},"branchMap":{"0":{"loc":{"start":{"line":4,"column":25},"end":{"line":4,"column":56}},"type":"binary-expr","locations":[{"start":{"line":4,"column":25},"end":{"line":4,"column":46}},{"start":{"line":4,"column":50},"end":{"line":4,"column":56}}],"line":4},"1":{"loc":{"start":{"line":7,"column":0},"end":{"line":15,"column":1}},"type":"if","locations":[{"start":{"line":7,"column":0},"end":{"line":15,"column":1}},{"start":{},"end":{}}],"line":7}},"s":{"0":3,"1":3,"2":0,"3":3},"f":{},"b":{"0":[3,0],"1":[0,3]},"_coverageSchema":"1a1c01bbd47fc00a2c39e90264f33305004495a9","hash":"d1dda62cce558121c9396c4ea888b29174610146"}
,"S:\\PROGRAMMING\\Sem 7\\DPS955\\cloud-for-programmers\\fragments\\src\\response.js": {"path":"S:\\PROGRAMMING\\Sem 7\\DPS955\\cloud-for-programmers\\fragments\\src\\response.js","statementMap":{"0":{"start":{"line":11,"column":0},"end":{"line":17,"column":4}},"1":{"start":{"line":12,"column":4},"end":{"line":16,"column":6}},"2":{"start":{"line":30,"column":2},"end":{"line":39,"column":4}},"3":{"start":{"line":32,"column":4},"end":{"line":38,"column":6}}},"fnMap":{"0":{"name":"(anonymous_0)","decl":{"start":{"line":11,"column":39},"end":{"line":11,"column":40}},"loc":{"start":{"line":11,"column":55},"end":{"line":17,"column":3}},"line":11},"1":{"name":"(anonymous_1)","decl":{"start":{"line":30,"column":39},"end":{"line":30,"column":40}},"loc":{"start":{"line":30,"column":64},"end":{"line":39,"column":3}},"line":30}},"branchMap":{},"s":{"0":1,"1":2,"2":1,"3":1},"f":{"0":2,"1":1},"b":{},"_coverageSchema":"1a1c01bbd47fc00a2c39e90264f33305004495a9","hash":"2c24f6777f214fcb75310cf002a9c39f05b19130"}
,"S:\\PROGRAMMING\\Sem 7\\DPS955\\cloud-for-programmers\\fragments\\src\\auth\\basic-auth.js": {"path":"S:\\PROGRAMMING\\Sem 7\\DPS955\\cloud-for-programmers\\fragments\\src\\auth\\basic-auth.js","statementMap":{"0":{"start":{"line":6,"column":13},"end":{"line":6,"column":33}},"1":{"start":{"line":7,"column":17},"end":{"line":7,"column":36}},"2":{"start":{"line":8,"column":21},"end":{"line":8,"column":50}},"3":{"start":{"line":9,"column":15},"end":{"line":9,"column":35}},"4":{"start":{"line":11,"column":0},"end":{"line":13,"column":1}},"5":{"start":{"line":12,"column":2},"end":{"line":12,"column":59}},"6":{"start":{"line":16,"column":0},"end":{"line":16,"column":46}},"7":{"start":{"line":18,"column":0},"end":{"line":25,"column":4}},"8":{"start":{"line":21,"column":2},"end":{"line":25,"column":3}},"9":{"start":{"line":27,"column":0},"end":{"line":27,"column":86}},"10":{"start":{"line":27,"column":36},"end":{"line":27,"column":85}}},"fnMap":{"0":{"name":"(anonymous_0)","decl":{"start":{"line":18,"column":26},"end":{"line":18,"column":27}},"loc":{"start":{"line":21,"column":2},"end":{"line":25,"column":3}},"line":21},"1":{"name":"(anonymous_1)","decl":{"start":{"line":27,"column":30},"end":{"line":27,"column":31}},"loc":{"start":{"line":27,"column":36},"end":{"line":27,"column":85}},"line":27}},"branchMap":{"0":{"loc":{"start":{"line":11,"column":0},"end":{"line":13,"column":1}},"type":"if","locations":[{"start":{"line":11,"column":0},"end":{"line":13,"column":1}},{"start":{},"end":{}}],"line":11}},"s":{"0":3,"1":3,"2":3,"3":3,"4":3,"5":0,"6":3,"7":3,"8":3,"9":3,"10":3},"f":{"0":3,"1":3},"b":{"0":[0,3]},"_coverageSchema":"1a1c01bbd47fc00a2c39e90264f33305004495a9","hash":"2e7363d48b88182e943b5584b36404e0a6c56781"}
,"S:\\PROGRAMMING\\Sem 7\\DPS955\\cloud-for-programmers\\fragments\\src\\auth\\index.js": {"path":"S:\\PROGRAMMING\\Sem 7\\DPS955\\cloud-for-programmers\\fragments\\src\\auth\\index.js","statementMap":{"0":{"start":{"line":18,"column":2},"end":{"line":28,"column":3}},"1":{"start":{"line":19,"column":4},"end":{"line":19,"column":42}},"2":{"start":{"line":22,"column":7},"end":{"line":28,"column":3}},"3":{"start":{"line":23,"column":4},"end":{"line":23,"column":45}},"4":{"start":{"line":27,"column":4},"end":{"line":27,"column":78}}},"fnMap":{},"branchMap":{"0":{"loc":{"start":{"line":18,"column":2},"end":{"line":28,"column":3}},"type":"if","locations":[{"start":{"line":18,"column":2},"end":{"line":28,"column":3}},{"start":{"line":22,"column":7},"end":{"line":28,"column":3}}],"line":18},"1":{"loc":{"start":{"line":18,"column":6},"end":{"line":18,"column":74}},"type":"binary-expr","locations":[{"start":{"line":18,"column":6},"end":{"line":18,"column":37}},{"start":{"line":18,"column":41},"end":{"line":18,"column":74}}],"line":18},"2":{"loc":{"start":{"line":22,"column":7},"end":{"line":28,"column":3}},"type":"if","locations":[{"start":{"line":22,"column":7},"end":{"line":28,"column":3}},{"start":{"line":26,"column":7},"end":{"line":28,"column":3}}],"line":22},"3":{"loc":{"start":{"line":22,"column":11},"end":{"line":22,"column":73}},"type":"binary-expr","locations":[{"start":{"line":22,"column":11},"end":{"line":22,"column":36}},{"start":{"line":22,"column":40},"end":{"line":22,"column":73}}],"line":22}},"s":{"0":3,"1":0,"2":3,"3":3,"4":0},"f":{},"b":{"0":[0,3],"1":[3,0],"2":[3,0],"3":[3,3]},"_coverageSchema":"1a1c01bbd47fc00a2c39e90264f33305004495a9","hash":"80aafcfe670e7287ed6f43251f28dde9402a15f4"}
,"S:\\PROGRAMMING\\Sem 7\\DPS955\\cloud-for-programmers\\fragments\\src\\routes\\index.js": {"path":"S:\\PROGRAMMING\\Sem 7\\DPS955\\cloud-for-programmers\\fragments\\src\\routes\\index.js","statementMap":{"0":{"start":{"line":3,"column":16},"end":{"line":3,"column":34}},"1":{"start":{"line":5,"column":25},"end":{"line":5,"column":43}},"2":{"start":{"line":8,"column":28},"end":{"line":8,"column":57}},"3":{"start":{"line":11,"column":15},"end":{"line":11,"column":31}},"4":{"start":{"line":16,"column":0},"end":{"line":16,"column":51}},"5":{"start":{"line":22,"column":0},"end":{"line":33,"column":3}},"6":{"start":{"line":24,"column":2},"end":{"line":24,"column":45}},"7":{"start":{"line":26,"column":2},"end":{"line":32,"column":5}},"8":{"start":{"line":40,"column":0},"end":{"line":40,"column":24}}},"fnMap":{"0":{"name":"(anonymous_0)","decl":{"start":{"line":22,"column":16},"end":{"line":22,"column":17}},"loc":{"start":{"line":22,"column":30},"end":{"line":33,"column":1}},"line":22}},"branchMap":{},"s":{"0":3,"1":3,"2":3,"3":3,"4":3,"5":3,"6":4,"7":4,"8":3},"f":{"0":4},"b":{},"_coverageSchema":"1a1c01bbd47fc00a2c39e90264f33305004495a9","hash":"4c29975838da8d20df615f7ad404d93a6f5467ef"}
,"S:\\PROGRAMMING\\Sem 7\\DPS955\\cloud-for-programmers\\fragments\\src\\routes\\api\\get.js": {"path":"S:\\PROGRAMMING\\Sem 7\\DPS955\\cloud-for-programmers\\fragments\\src\\routes\\api\\get.js","statementMap":{"0":{"start":{"line":6,"column":0},"end":{"line":13,"column":4}},"1":{"start":{"line":8,"column":4},"end":{"line":12,"column":7}}},"fnMap":{"0":{"name":"(anonymous_0)","decl":{"start":{"line":6,"column":17},"end":{"line":6,"column":18}},"loc":{"start":{"line":6,"column":31},"end":{"line":13,"column":3}},"line":6}},"branchMap":{},"s":{"0":3,"1":1},"f":{"0":1},"b":{},"_coverageSchema":"1a1c01bbd47fc00a2c39e90264f33305004495a9","hash":"90e62da24fdf10bcb932e22f76be6c98d7b20951"}
,"S:\\PROGRAMMING\\Sem 7\\DPS955\\cloud-for-programmers\\fragments\\src\\routes\\api\\index.js": {"path":"S:\\PROGRAMMING\\Sem 7\\DPS955\\cloud-for-programmers\\fragments\\src\\routes\\api\\index.js","statementMap":{"0":{"start":{"line":6,"column":16},"end":{"line":6,"column":34}},"1":{"start":{"line":9,"column":15},"end":{"line":9,"column":31}},"2":{"start":{"line":12,"column":0},"end":{"line":12,"column":43}},"3":{"start":{"line":15,"column":0},"end":{"line":15,"column":24}}},"fnMap":{},"branchMap":{},"s":{"0":3,"1":3,"2":3,"3":3},"f":{},"b":{},"_coverageSchema":"1a1c01bbd47fc00a2c39e90264f33305004495a9","hash":"cbeb3b1a2a22767d13c4c7b60abf234b06996861"}
}
