TN:
SF:src\app.js
FN:58,(anonymous_0)
FN:70,(anonymous_1)
FNF:2
FNH:1
FNDA:1,(anonymous_0)
FNDA:0,(anonymous_1)
DA:3,3
DA:4,3
DA:5,3
DA:6,3
DA:7,3
DA:8,3
DA:12,3
DA:14,3
DA:15,3
DA:21,3
DA:22,3
DA:24,3
DA:25,3
DA:28,3
DA:31,3
DA:34,3
DA:37,3
DA:55,3
DA:58,3
DA:59,1
DA:70,3
DA:73,0
DA:74,0
DA:77,0
DA:78,0
DA:81,0
DA:91,3
LF:27
LH:22
BRDA:73,0,0,0
BRDA:73,0,1,0
BRDA:74,1,0,0
BRDA:74,1,1,0
BRDA:77,2,0,0
BRDA:77,2,1,0
BRF:6
BRH:0
end_of_record
TN:
SF:src\logger.js
FNF:0
FNH:0
DA:4,3
DA:7,3
DA:9,0
DA:19,3
LF:4
LH:3
BRDA:4,0,0,3
BRDA:4,0,1,0
BRDA:7,1,0,0
BRDA:7,1,1,3
BRF:4
BRH:2
end_of_record
TN:
SF:src\response.js
FN:11,(anonymous_0)
FN:30,(anonymous_1)
FNF:2
FNH:2
FNDA:2,(anonymous_0)
FNDA:1,(anonymous_1)
DA:11,1
DA:12,2
DA:30,1
DA:32,1
LF:4
LH:4
BRF:0
BRH:0
end_of_record
TN:
SF:src\auth\basic-auth.js
FN:18,(anonymous_0)
FN:27,(anonymous_1)
FNF:2
FNH:2
FNDA:3,(anonymous_0)
FNDA:3,(anonymous_1)
DA:6,3
DA:7,3
DA:8,3
DA:9,3
DA:11,3
DA:12,0
DA:16,3
DA:18,3
DA:21,3
DA:27,3
LF:10
LH:9
BRDA:11,0,0,0
BRDA:11,0,1,3
BRF:2
BRH:1
end_of_record
TN:
SF:src\auth\index.js
FNF:0
FNH:0
DA:18,3
DA:19,0
DA:22,3
DA:23,3
DA:27,0
LF:5
LH:3
BRDA:18,0,0,0
BRDA:18,0,1,3
BRDA:18,1,0,3
BRDA:18,1,1,0
BRDA:22,2,0,3
BRDA:22,2,1,0
BRDA:22,3,0,3
BRDA:22,3,1,3
BRF:8
BRH:5
end_of_record
TN:
SF:src\routes\index.js
FN:22,(anonymous_0)
FNF:1
FNH:1
FNDA:4,(anonymous_0)
DA:3,3
DA:5,3
DA:8,3
DA:11,3
DA:16,3
DA:22,3
DA:24,4
DA:26,4
DA:40,3
LF:9
LH:9
BRF:0
BRH:0
end_of_record
TN:
SF:src\routes\api\get.js
FN:6,(anonymous_0)
FNF:1
FNH:1
FNDA:1,(anonymous_0)
DA:6,3
DA:8,1
LF:2
LH:2
BRF:0
BRH:0
end_of_record
TN:
SF:src\routes\api\index.js
FNF:0
FNH:0
DA:6,3
DA:9,3
DA:12,3
DA:15,3
LF:4
LH:4
BRF:0
BRH:0
end_of_record
